-------------------------------------------------------------------------------
Test set: com.company.automation.tests.contact.ContactTest
-------------------------------------------------------------------------------
Tests run: 1, Failures: 1, Errors: 0, Skipped: 0, Time elapsed: 12.47 s <<< FAILURE! -- in com.company.automation.tests.contact.ContactTest
com.company.automation.tests.contact.ContactTest.shouldSubmitContactFormWithAttachment -- Time elapsed: 12.42 s <<< FAILURE!
org.opentest4j.AssertionFailedError: ❌ Success message is incorrect ==> expected: <true> but was: <false>
	at org.junit.jupiter.api.AssertionFailureBuilder.build(AssertionFailureBuilder.java:151)
	at org.junit.jupiter.api.AssertionFailureBuilder.buildAndThrow(AssertionFailureBuilder.java:132)
	at org.junit.jupiter.api.AssertTrue.failNotTrue(AssertTrue.java:63)
	at org.junit.jupiter.api.AssertTrue.assertTrue(AssertTrue.java:36)
	at org.junit.jupiter.api.Assertions.assertTrue(Assertions.java:214)
	at com.company.automation.tests.contact.ContactTest.shouldSubmitContactFormWithAttachment(ContactTest.java:45)
	at java.base/java.lang.reflect.Method.invoke(Method.java:568)
	at java.base/java.util.ArrayList.forEach(ArrayList.java:1511)
	at java.base/java.util.ArrayList.forEach(ArrayList.java:1511)

